<?xml version="1.0" encoding="UTF-8"?>
<!-- Generated by org.testng.reporters.JUnitReportReporter -->
<testsuite hostname="qqsplekltp0242" failures="0" tests="2" name="Mahiselenium.maven.AppiumTest" time="0.007" errors="0" timestamp="2022-08-12T09:38:54 IST" skipped="0">
  <testcase classname="Mahiselenium.maven.AppiumTest" name="IOSApps" time="0.006"/>
  <system-out/>
  <testcase classname="Mahiselenium.maven.AppiumTest" name="NativeAPpAndroid" time="0.001"/>
  <system-out/>
</testsuite> <!-- Mahiselenium.maven.AppiumTest -->
