<?xml version="1.0" encoding="UTF-8"?>
<!-- Generated by org.testng.reporters.JUnitReportReporter -->
<testsuite hostname="earth" failures="0" tests="1" name="dataDriven.excelDataProvider.excel" time="0.315" errors="0" timestamp="2022-11-02T20:52:26 IST" skipped="0">
  <testcase classname="dataDriven.excelDataProvider.excel" name="getExcel" time="0.315"/>
  <system-out/>
</testsuite> <!-- dataDriven.excelDataProvider.excel -->
