<?xml version="1.0" encoding="UTF-8"?>
<!-- Generated by org.testng.reporters.JUnitReportReporter -->
<testsuite hostname="earth" failures="0" tests="3" name="dataDriven.excelDataProvider.dataProvider" time="0.004" errors="0" timestamp="2022-11-02T21:05:25 IST" skipped="0">
  <testcase classname="dataDriven.excelDataProvider.dataProvider" name="testCaseData" time="0.004"/>
  <system-out/>
  <testcase classname="dataDriven.excelDataProvider.dataProvider" name="testCaseData" time="0.000"/>
  <system-out/>
  <testcase classname="dataDriven.excelDataProvider.dataProvider" name="testCaseData" time="0.000"/>
  <system-out/>
</testsuite> <!-- dataDriven.excelDataProvider.dataProvider -->
