<?xml version="1.0" encoding="UTF-8"?>
<!-- Generated by org.testng.reporters.JUnitReportReporter -->
<testsuite hostname="qqsplekltp0242" failures="0" tests="1" name="Testcases.loginApplication" time="4.153" errors="0" timestamp="19 Aug 2022 15:57:56 GMT">
  <testcase classname="Testcases.loginApplication" name="Login" time="4.153"/>
</testsuite> <!-- Testcases.loginApplication -->
