<?xml version="1.0" encoding="UTF-8"?>
<!-- Generated by org.testng.reporters.JUnitReportReporter -->
<testsuite hostname="qqsplekltp0242" failures="0" tests="1" name="objectRepository.loginApplication" time="6.211" errors="0" timestamp="19 Aug 2022 15:29:22 GMT">
  <testcase classname="objectRepository.loginApplication" name="Login" time="6.211"/>
</testsuite> <!-- objectRepository.loginApplication -->
