<?xml version="1.0" encoding="UTF-8"?>
<!-- Generated by org.testng.reporters.JUnitReportReporter -->
<testsuite hostname="qqsplekltp0242" failures="0" tests="1" name="TestPackage.Basics2" time="0.001" errors="0" timestamp="2022-08-10T09:53:51 IST" skipped="0">
  <testcase classname="TestPackage.Basics2" name="Homeloan" time="0.001"/>
  <system-out/>
</testsuite> <!-- TestPackage.Basics2 -->
