<?xml version="1.0" encoding="UTF-8"?>
<!-- Generated by org.testng.reporters.JUnitReportReporter -->
<testsuite hostname="qqsplekltp0242" failures="0" tests="1" name="TestPackage.Basic2" time="0.005" errors="0" timestamp="2022-08-10T08:46:37 IST" skipped="0">
  <testcase classname="TestPackage.Basic2" name="Homeloan" time="0.005"/>
  <system-out/>
</testsuite> <!-- TestPackage.Basic2 -->
