<?xml version="1.0" encoding="UTF-8"?>
<!-- Generated by org.testng.reporters.JUnitReportReporter -->
<testsuite hostname="qqsplekltp0242" failures="0" tests="3" name="TestPackage.Basics4" time="0.003" errors="0" timestamp="2022-08-10T15:30:38 IST" skipped="0">
  <testcase classname="TestPackage.Basics4" name="APILoginPersonalloan" time="0.001"/>
  <system-out/>
  <testcase classname="TestPackage.Basics4" name="WebLoginPersonalloan" time="0.001"/>
  <system-out/>
  <testcase classname="TestPackage.Basics4" name="MobileLoginPersonalloan" time="0.001"/>
  <system-out/>
</testsuite> <!-- TestPackage.Basics4 -->
