<?xml version="1.0" encoding="UTF-8"?>
<!-- Generated by org.testng.reporters.JUnitReportReporter -->
<testsuite hostname="qqsplekltp0242" failures="0" tests="2" name="TestPackage.Basics1" time="0.012" errors="0" timestamp="2022-08-11T08:53:35 IST" skipped="0">
  <testcase classname="TestPackage.Basics1" name="thirdTest" time="0.006"/>
  <system-out/>
  <testcase classname="TestPackage.Basics1" name="secondTest" time="0.006"/>
  <system-out/>
</testsuite> <!-- TestPackage.Basics1 -->
