<?xml version="1.0" encoding="UTF-8"?>
<!-- Generated by org.testng.reporters.JUnitReportReporter -->
<testsuite hostname="qqsplekltp0242" failures="0" tests="2" name="Mahiselenium.maven.SeleniumTest" time="0.002" errors="0" timestamp="18 Aug 2022 04:56:44 GMT" skipped="0">
  <testcase classname="Mahiselenium.maven.SeleniumTest" name="elementsUi" time="0.000"/>
  <testcase classname="Mahiselenium.maven.SeleniumTest" name="BrowserAUtomation" time="0.002"/>
</testsuite> <!-- Mahiselenium.maven.SeleniumTest -->
