<?xml version="1.0" encoding="UTF-8"?>
<!-- Generated by org.testng.reporters.JUnitReportReporter -->
<testsuite hostname="qqsplekltp0242" failures="0" tests="1" name="Mahiselenium.maven.AppiumTest" time="0.000" errors="0" timestamp="18 Aug 2022 04:56:44 GMT" skipped="0">
  <testcase classname="Mahiselenium.maven.AppiumTest" name="IOSApps" time="0.000"/>
</testsuite> <!-- Mahiselenium.maven.AppiumTest -->
