<?xml version="1.0" encoding="UTF-8"?>
<!-- Generated by org.testng.reporters.JUnitReportReporter -->
<testsuite hostname="earth" failures="0" tests="1" name="MahiSelenium.ExtentReports.ExtentReportDemo" time="11.012" errors="0" timestamp="2022-10-17T13:31:40 IST" skipped="0">
  <testcase classname="MahiSelenium.ExtentReports.ExtentReportDemo" name="initialDemo" time="11.012"/>
  <system-out/>
</testsuite> <!-- MahiSelenium.ExtentReports.ExtentReportDemo -->
